World Map: 
   0,    0,    1,    0,    0,    0, 
   0,    0,    1,    0,    0,    0, 
   0,    0,    1,    0,    0,    0, 
   0,    0,    0,    0,    1,    0, 
   0,    0,    1,    1,    1,    0, 
   0,    0,    0,    0,    1,    0, 

Heuristic function: 
 10.00  9.00  8.00  7.00  6.00  5.00
  9.00  8.00  7.00  6.00  5.00  4.00
  8.00  7.00  6.00  5.00  4.00  3.00
  7.00  6.00  5.00  4.00  3.00  2.00
  6.00  5.00  4.00  3.00  2.00  1.00
  5.00  4.00  3.00  2.00  1.00  0.00

Starting from: [0, 0] destination: [5, 5]
Expanding: [0, 0]
	New Min Cost at: [0, 0] Cost: 10 [1, 0]
Expansion: 
[
	Location: [1, 0]Cost: 10 Path:[[1, 0], ], 
	Location: [0, 1]Cost: 10 Path:[[0, 1], ], ]
Expanding: [1, 0]
	New Min Cost at: [1, 0] Cost: 19 [2, 0]
Expansion: 
[
	Location: [2, 0]Cost: 19 Path:[[1, 0], [2, 0], ], 
	Location: [1, 1]Cost: 19 Path:[[1, 0], [1, 1], ], ]
Expanding: [0, 1]
	New Min Cost at: [0, 1] Cost: 19 [1, 1]
Expansion: 
[
	Location: [1, 1]Cost: 19 Path:[[0, 1], [1, 1], ], ]
Expanding: [2, 0]
	New Min Cost at: [2, 0] Cost: 27 [3, 0]
Expansion: 
[
	Location: [3, 0]Cost: 27 Path:[[1, 0], [2, 0], [3, 0], ], 
	Location: [2, 1]Cost: 27 Path:[[1, 0], [2, 0], [2, 1], ], ]
Expanding: [1, 1]
	New Min Cost at: [1, 1] Cost: 27 [2, 1]
Expansion: 
[
	Location: [2, 1]Cost: 27 Path:[[1, 0], [1, 1], [2, 1], ], ]
Expanding: [3, 0]
	New Min Cost at: [3, 0] Cost: 34 [4, 0]
Expansion: 
[
	Location: [4, 0]Cost: 34 Path:[[1, 0], [2, 0], [3, 0], [4, 0], ], 
	Location: [3, 1]Cost: 34 Path:[[1, 0], [2, 0], [3, 0], [3, 1], ], ]
Expanding: [2, 1]
	New Min Cost at: [2, 1] Cost: 34 [3, 1]
Expansion: 
[
	Location: [3, 1]Cost: 34 Path:[[1, 0], [2, 0], [2, 1], [3, 1], ], ]
Expanding: [4, 0]
	New Min Cost at: [4, 0] Cost: 40 [5, 0]
Expansion: 
[
	Location: [5, 0]Cost: 40 Path:[[1, 0], [2, 0], [3, 0], [4, 0], [5, 0], ], 
	Location: [4, 1]Cost: 40 Path:[[1, 0], [2, 0], [3, 0], [4, 0], [4, 1], ], ]
Expanding: [3, 1]
	New Min Cost at: [3, 1] Cost: 40 [4, 1]
Expansion: 
[
	Location: [4, 1]Cost: 40 Path:[[1, 0], [2, 0], [3, 0], [3, 1], [4, 1], ], 
	Location: [3, 2]Cost: 40 Path:[[1, 0], [2, 0], [3, 0], [3, 1], [3, 2], ], ]
Expanding: [5, 0]
	New Min Cost at: [5, 0] Cost: 45 [5, 1]
Expansion: 
[
	Location: [5, 1]Cost: 45 Path:[[1, 0], [2, 0], [3, 0], [4, 0], [5, 0], [5, 1], ], ]
Expanding: [4, 1]
	New Min Cost at: [4, 1] Cost: 45 [5, 1]
Expansion: 
[
	Location: [5, 1]Cost: 45 Path:[[1, 0], [2, 0], [3, 0], [4, 0], [4, 1], [5, 1], ], ]
Expanding: [3, 2]
	New Min Cost at: [3, 2] Cost: 45 [3, 3]
Expansion: 
[
	Location: [3, 3]Cost: 45 Path:[[1, 0], [2, 0], [3, 0], [3, 1], [3, 2], [3, 3], ], ]
Expanding: [5, 1]
	New Min Cost at: [5, 1] Cost: 49 [5, 2]
Expansion: 
[
	Location: [5, 2]Cost: 49 Path:[[1, 0], [2, 0], [3, 0], [4, 0], [5, 0], [5, 1], [5, 2], ], ]
Expanding: [3, 3]
	New Min Cost at: [3, 3] Cost: 51 [2, 3]
Expansion: 
[
	Location: [2, 3]Cost: 51 Path:[[1, 0], [2, 0], [3, 0], [3, 1], [3, 2], [3, 3], [2, 3], ], ]
Expanding: [5, 2]
	New Min Cost at: [5, 2] Cost: 52 [5, 3]
Expansion: 
[
	Location: [5, 3]Cost: 52 Path:[[1, 0], [2, 0], [3, 0], [4, 0], [5, 0], [5, 1], [5, 2], [5, 3], ], ]
Expanding: [2, 3]
	New Min Cost at: [2, 3] Cost: 58 [1, 3]	New Min Cost at: [2, 3] Cost: 56 [2, 4]
Expansion: 
[
	Location: [2, 4]Cost: 56 Path:[[1, 0], [2, 0], [3, 0], [3, 1], [3, 2], [3, 3], [2, 3], [2, 4], ], ]
Expanding: [5, 3]

Expansion: 
[]
Expanding: [2, 4]
	New Min Cost at: [2, 4] Cost: 62 [1, 4]	New Min Cost at: [2, 4] Cost: 60 [2, 5]
Expansion: 
[
	Location: [2, 5]Cost: 60 Path:[[1, 0], [2, 0], [3, 0], [3, 1], [3, 2], [3, 3], [2, 3], [2, 4], [2, 5], ], ]
Expanding: [2, 5]
	New Min Cost at: [2, 5] Cost: 65 [1, 5]	New Min Cost at: [2, 5] Cost: 63 [3, 5]
Expansion: 
[
	Location: [3, 5]Cost: 63 Path:[[1, 0], [2, 0], [3, 0], [3, 1], [3, 2], [3, 3], [2, 3], [2, 4], [2, 5], [3, 5], ], ]
Expanding: [3, 5]
	New Min Cost at: [3, 5] Cost: 65 [4, 5]
Expansion: 
[
	Location: [4, 5]Cost: 65 Path:[[1, 0], [2, 0], [3, 0], [3, 1], [3, 2], [3, 3], [2, 3], [2, 4], [2, 5], [3, 5], [4, 5], ], ]
Expanding: [4, 5]
	New Min Cost at: [4, 5] Cost: 66 [5, 5]
Expansion: 
[
	Location: [5, 5]Cost: 66 Path:[[1, 0], [2, 0], [3, 0], [3, 1], [3, 2], [3, 3], [2, 3], [2, 4], [2, 5], [3, 5], [4, 5], [5, 5], ], ]
Best Route cost: 66
[[1, 0], [2, 0], [3, 0], [3, 1], [3, 2], [3, 3], [2, 3], [2, 4], [2, 5], [3, 5], [4, 5], [5, 5], ]

Route:
	[ ,  ,  ,  ,  ,  , ]
	[V,  ,  ,  ,  ,  , ]
	[V,  ,  , ^, >, >, ]
	[V, >, >, >,  , V, ]
	[ ,  ,  ,  ,  , V, ]
	[ ,  ,  ,  ,  , V, ]

World Map: 
   2,    2,    1,    0,    0,    0, 
   2,    2,    1,    0,    0,    0, 
   2,    2,    1,    2,    2,    2, 
   2,    2,    2,    2,    1,    2, 
   2,    2,    1,    1,    1,    2, 
   2,    2,    2,    2,    1,    0, 

